[2025-04-15 04:18:21]  - ==== NEW PAGE LOAD ====
[2025-04-15 04:18:21]  - Request URI: /user/AcademAI-Library-Upcoming-People-Join.php?quiz_id=19
[2025-04-15 04:18:21]  - Current page: AcademAI-Library-Upcoming-People-Join.php
[2025-04-15 04:18:21]  - Initializing session tracking...
[2025-04-15 04:18:21]  - Existing session found: {"current":null,"previous":null,"external_visit":false,"current_context":"AcademAI-Library-Upcoming-Card.php","base_pages":[]}
[2025-04-15 04:18:21]  - Detected library context: AcademAI-Library-Upcoming-Card.php
[2025-04-15 04:18:21]  - Context unchanged (AcademAI-Library-Upcoming-Card.php)
[2025-04-15 04:18:21]  - Final session state: {"current":null,"previous":null,"external_visit":false,"current_context":"AcademAI-Library-Upcoming-Card.php","base_pages":[],"last_updated":1744683501.643208}
[2025-04-15 04:18:21]  - ==== END DEBUG ====
[2025-04-15 04:18:43]  - ==== NEW PAGE LOAD ====
[2025-04-15 04:18:43]  - Request URI: /user/AcademAI-Library-Upcoming-People-Join.php?quiz_id=19
[2025-04-15 04:18:43]  - Current page: AcademAI-Library-Upcoming-People-Join.php
[2025-04-15 04:18:43]  - Initializing session tracking...
[2025-04-15 04:18:43]  - Existing session found: {"current":null,"previous":null,"external_visit":false,"current_context":"AcademAI-Library-Upcoming-Card.php","base_pages":[],"last_updated":1744683501.643208}
[2025-04-15 04:18:43]  - Detected library context: AcademAI-Library-Upcoming-Card.php
[2025-04-15 04:18:43]  - Context unchanged (AcademAI-Library-Upcoming-Card.php)
[2025-04-15 04:18:43]  - Final session state: {"current":null,"previous":null,"external_visit":false,"current_context":"AcademAI-Library-Upcoming-Card.php","base_pages":[],"last_updated":1744683501.643208}
[2025-04-15 04:18:43]  - ==== END DEBUG ====
[2025-04-15 04:18:57]  - ==== NEW PAGE LOAD ====
[2025-04-15 04:18:57]  - Request URI: /user/AcademAI-Library-Upcoming-People-Join.php?quiz_id=19
[2025-04-15 04:18:57]  - Current page: AcademAI-Library-Upcoming-People-Join.php
[2025-04-15 04:18:57]  - Initializing session tracking...
[2025-04-15 04:18:57]  - Existing session found: {"current":null,"previous":null,"external_visit":false,"current_context":"AcademAI-Library-Upcoming-Card.php","base_pages":[],"last_updated":1744683501.643208}
[2025-04-15 04:18:57]  - Detected library context: AcademAI-Library-Upcoming-Card.php
[2025-04-15 04:18:57]  - Context unchanged (AcademAI-Library-Upcoming-Card.php)
[2025-04-15 04:18:57]  - Final session state: {"current":null,"previous":null,"external_visit":false,"current_context":"AcademAI-Library-Upcoming-Card.php","base_pages":[],"last_updated":1744683501.643208}
[2025-04-15 04:18:57]  - ==== END DEBUG ====
[2025-04-15 04:19:49]  - ==== NEW PAGE LOAD ====
[2025-04-15 04:19:49]  - Request URI: /user/AcademAI-Library-Upcoming-People-Join.php?quiz_id=19
[2025-04-15 04:19:49]  - Current page: AcademAI-Library-Upcoming-People-Join.php
[2025-04-15 04:19:49]  - Initializing session tracking...
[2025-04-15 04:19:49]  - Existing session found: {"current":null,"previous":null,"external_visit":false,"current_context":"AcademAI-Library-Upcoming-Card.php","base_pages":[],"last_updated":1744683501.643208}
[2025-04-15 04:19:49]  - Detected library context: AcademAI-Library-Upcoming-Card.php
[2025-04-15 04:19:49]  - Context unchanged (AcademAI-Library-Upcoming-Card.php)
[2025-04-15 04:19:49]  - Final session state: {"current":null,"previous":null,"external_visit":false,"current_context":"AcademAI-Library-Upcoming-Card.php","base_pages":[],"last_updated":1744683501.643208}
[2025-04-15 04:19:49]  - ==== END DEBUG ====
[2025-04-15 04:19:49]  - Back button decision: Using current context: AcademAI-Library-Upcoming-Card.php
[2025-04-15 04:20:50]  - ==== NEW PAGE LOAD ====
[2025-04-15 04:20:50]  - Request URI: /user/AcademAI-Library-Upcoming-People-Join.php?quiz_id=19
[2025-04-15 04:20:50]  - Current page: AcademAI-Library-Upcoming-People-Join.php
[2025-04-15 04:20:50]  - Initializing session tracking...
[2025-04-15 04:20:50]  - Existing session found: {"current":null,"previous":null,"external_visit":false,"current_context":"AcademAI-Library-Upcoming-Card.php","base_pages":[],"last_updated":1744683501.643208}
[2025-04-15 04:20:50]  - Detected library context: AcademAI-Library-Upcoming-Card.php
[2025-04-15 04:20:50]  - Context unchanged (AcademAI-Library-Upcoming-Card.php)
[2025-04-15 04:20:50]  - Final session state: {"current":null,"previous":null,"external_visit":false,"current_context":"AcademAI-Library-Upcoming-Card.php","base_pages":[],"last_updated":1744683501.643208}
[2025-04-15 04:20:50]  - ==== END DEBUG ====
[2025-04-15 04:20:50]  - Back button decision: Using current context: AcademAI-Library-Upcoming-Card.php
[2025-04-15 04:21:07]  - ==== NEW PAGE LOAD ====
[2025-04-15 04:21:07]  - Request URI: /user/AcademAI-Library-Upcoming-People-Join.php?quiz_id=19
[2025-04-15 04:21:07]  - Current page: AcademAI-Library-Upcoming-People-Join.php
[2025-04-15 04:21:07]  - Initializing session tracking...
[2025-04-15 04:21:07]  - Existing session found: {"current":null,"previous":null,"external_visit":false,"current_context":"AcademAI-Library-Upcoming-Card.php","base_pages":[],"last_updated":1744683501.643208}
[2025-04-15 04:21:07]  - Detected library context: AcademAI-Library-Upcoming-Card.php
[2025-04-15 04:21:07]  - Context unchanged (AcademAI-Library-Upcoming-Card.php)
[2025-04-15 04:21:07]  - Final session state: {"current":null,"previous":null,"external_visit":false,"current_context":"AcademAI-Library-Upcoming-Card.php","base_pages":[],"last_updated":1744683501.643208}
[2025-04-15 04:21:07]  - ==== END DEBUG ====
[2025-04-15 04:21:07]  - Back button decision: Using current context: AcademAI-Library-Upcoming-Card.php
